{"E:\\Kushan\\Studies\\Web\\Projects\\MERN\\Group Project E Commerce\\Backend\\db.js": {"path":"E:\\Kushan\\Studies\\Web\\Projects\\MERN\\Group Project E Commerce\\Backend\\db.js","statementMap":{"0":{"start":{"line":2,"column":17},"end":{"line":2,"column":36}},"1":{"start":{"line":3,"column":0},"end":{"line":3,"column":27}},"2":{"start":{"line":5,"column":12},"end":{"line":5,"column":35}},"3":{"start":{"line":7,"column":18},"end":{"line":20,"column":1}},"4":{"start":{"line":8,"column":2},"end":{"line":19,"column":3}},"5":{"start":{"line":9,"column":4},"end":{"line":15,"column":5}},"6":{"start":{"line":10,"column":6},"end":{"line":13,"column":9}},"7":{"start":{"line":14,"column":6},"end":{"line":14,"column":37}},"8":{"start":{"line":17,"column":4},"end":{"line":17,"column":52}},"9":{"start":{"line":18,"column":4},"end":{"line":18,"column":20}},"10":{"start":{"line":22,"column":0},"end":{"line":22,"column":27}}},"fnMap":{"0":{"name":"(anonymous_0)","decl":{"start":{"line":7,"column":18},"end":{"line":7,"column":19}},"loc":{"start":{"line":7,"column":30},"end":{"line":20,"column":1}},"line":7}},"branchMap":{"0":{"loc":{"start":{"line":9,"column":4},"end":{"line":15,"column":5}},"type":"if","locations":[{"start":{"line":9,"column":4},"end":{"line":15,"column":5}},{"start":{},"end":{}}],"line":9}},"s":{"0":5,"1":5,"2":5,"3":5,"4":9,"5":9,"6":5,"7":5,"8":0,"9":0,"10":5},"f":{"0":9},"b":{"0":[5,4]},"_coverageSchema":"1a1c01bbd47fc00a2c39e90264f33305004495a9","hash":"a9c31e052fe55a89f55ef99380ca6a8b9548fcfc"}
,"E:\\Kushan\\Studies\\Web\\Projects\\MERN\\Group Project E Commerce\\Backend\\index.js": {"path":"E:\\Kushan\\Studies\\Web\\Projects\\MERN\\Group Project E Commerce\\Backend\\index.js","statementMap":{"0":{"start":{"line":1,"column":13},"end":{"line":1,"column":29}},"1":{"start":{"line":2,"column":16},"end":{"line":2,"column":34}},"2":{"start":{"line":3,"column":12},"end":{"line":3,"column":21}},"3":{"start":{"line":4,"column":17},"end":{"line":4,"column":36}},"4":{"start":{"line":5,"column":12},"end":{"line":5,"column":35}},"5":{"start":{"line":6,"column":15},"end":{"line":6,"column":32}},"6":{"start":{"line":7,"column":13},"end":{"line":7,"column":28}},"7":{"start":{"line":8,"column":13},"end":{"line":8,"column":28}},"8":{"start":{"line":9,"column":18},"end":{"line":9,"column":33}},"9":{"start":{"line":10,"column":0},"end":{"line":10,"column":27}},"10":{"start":{"line":12,"column":0},"end":{"line":12,"column":24}},"11":{"start":{"line":13,"column":0},"end":{"line":13,"column":16}},"12":{"start":{"line":15,"column":0},"end":{"line":15,"column":12}},"13":{"start":{"line":25,"column":0},"end":{"line":27,"column":3}},"14":{"start":{"line":26,"column":2},"end":{"line":26,"column":37}},"15":{"start":{"line":29,"column":16},"end":{"line":37,"column":2}},"16":{"start":{"line":32,"column":4},"end":{"line":35,"column":6}},"17":{"start":{"line":39,"column":13},"end":{"line":39,"column":38}},"18":{"start":{"line":41,"column":0},"end":{"line":41,"column":50}},"19":{"start":{"line":43,"column":0},"end":{"line":52,"column":3}},"20":{"start":{"line":44,"column":2},"end":{"line":44,"column":24}},"21":{"start":{"line":45,"column":2},"end":{"line":47,"column":3}},"22":{"start":{"line":46,"column":4},"end":{"line":46,"column":81}},"23":{"start":{"line":48,"column":2},"end":{"line":51,"column":5}},"24":{"start":{"line":56,"column":15},"end":{"line":89,"column":2}},"25":{"start":{"line":92,"column":0},"end":{"line":117,"column":2}},"26":{"start":{"line":93,"column":15},"end":{"line":93,"column":37}},"27":{"start":{"line":95,"column":2},"end":{"line":101,"column":3}},"28":{"start":{"line":96,"column":27},"end":{"line":96,"column":45}},"29":{"start":{"line":97,"column":21},"end":{"line":97,"column":42}},"30":{"start":{"line":98,"column":4},"end":{"line":98,"column":25}},"31":{"start":{"line":100,"column":4},"end":{"line":100,"column":9}},"32":{"start":{"line":102,"column":16},"end":{"line":109,"column":4}},"33":{"start":{"line":110,"column":2},"end":{"line":110,"column":23}},"34":{"start":{"line":111,"column":2},"end":{"line":111,"column":23}},"35":{"start":{"line":112,"column":2},"end":{"line":112,"column":35}},"36":{"start":{"line":113,"column":2},"end":{"line":116,"column":4}},"37":{"start":{"line":120,"column":0},"end":{"line":129,"column":2}},"38":{"start":{"line":121,"column":2},"end":{"line":123,"column":4}},"39":{"start":{"line":124,"column":2},"end":{"line":124,"column":37}},"40":{"start":{"line":125,"column":2},"end":{"line":128,"column":4}},"41":{"start":{"line":132,"column":0},"end":{"line":137,"column":2}},"42":{"start":{"line":133,"column":14},"end":{"line":133,"column":36}},"43":{"start":{"line":134,"column":2},"end":{"line":134,"column":38}},"44":{"start":{"line":136,"column":2},"end":{"line":136,"column":19}},"45":{"start":{"line":141,"column":12},"end":{"line":159,"column":2}},"46":{"start":{"line":162,"column":0},"end":{"line":190,"column":2}},"47":{"start":{"line":163,"column":12},"end":{"line":163,"column":55}},"48":{"start":{"line":165,"column":2},"end":{"line":167,"column":3}},"49":{"start":{"line":166,"column":4},"end":{"line":166,"column":93}},"50":{"start":{"line":168,"column":11},"end":{"line":168,"column":13}},"51":{"start":{"line":169,"column":2},"end":{"line":171,"column":3}},"52":{"start":{"line":169,"column":15},"end":{"line":169,"column":16}},"53":{"start":{"line":170,"column":4},"end":{"line":170,"column":14}},"54":{"start":{"line":172,"column":14},"end":{"line":177,"column":4}},"55":{"start":{"line":179,"column":2},"end":{"line":179,"column":20}},"56":{"start":{"line":180,"column":13},"end":{"line":184,"column":3}},"57":{"start":{"line":186,"column":14},"end":{"line":186,"column":42}},"58":{"start":{"line":187,"column":2},"end":{"line":187,"column":32}},"59":{"start":{"line":188,"column":2},"end":{"line":188,"column":47}},"60":{"start":{"line":193,"column":0},"end":{"line":213,"column":2}},"61":{"start":{"line":194,"column":11},"end":{"line":194,"column":54}},"62":{"start":{"line":195,"column":2},"end":{"line":212,"column":3}},"63":{"start":{"line":196,"column":22},"end":{"line":196,"column":57}},"64":{"start":{"line":197,"column":4},"end":{"line":209,"column":5}},"65":{"start":{"line":198,"column":17},"end":{"line":202,"column":7}},"66":{"start":{"line":203,"column":20},"end":{"line":203,"column":48}},"67":{"start":{"line":204,"column":6},"end":{"line":204,"column":37}},"68":{"start":{"line":205,"column":6},"end":{"line":205,"column":40}},"69":{"start":{"line":208,"column":6},"end":{"line":208,"column":56}},"70":{"start":{"line":211,"column":4},"end":{"line":211,"column":53}},"71":{"start":{"line":216,"column":0},"end":{"line":221,"column":2}},"72":{"start":{"line":217,"column":15},"end":{"line":217,"column":37}},"73":{"start":{"line":218,"column":20},"end":{"line":218,"column":47}},"74":{"start":{"line":219,"column":2},"end":{"line":219,"column":39}},"75":{"start":{"line":220,"column":2},"end":{"line":220,"column":26}},"76":{"start":{"line":224,"column":0},"end":{"line":229,"column":2}},"77":{"start":{"line":225,"column":15},"end":{"line":225,"column":53}},"78":{"start":{"line":226,"column":23},"end":{"line":226,"column":42}},"79":{"start":{"line":227,"column":2},"end":{"line":227,"column":42}},"80":{"start":{"line":228,"column":2},"end":{"line":228,"column":29}},"81":{"start":{"line":232,"column":16},"end":{"line":245,"column":1}},"82":{"start":{"line":233,"column":15},"end":{"line":233,"column":39}},"83":{"start":{"line":234,"column":2},"end":{"line":244,"column":3}},"84":{"start":{"line":235,"column":4},"end":{"line":235,"column":50}},"85":{"start":{"line":237,"column":4},"end":{"line":243,"column":5}},"86":{"start":{"line":238,"column":17},"end":{"line":238,"column":48}},"87":{"start":{"line":239,"column":6},"end":{"line":239,"column":27}},"88":{"start":{"line":240,"column":6},"end":{"line":240,"column":13}},"89":{"start":{"line":242,"column":6},"end":{"line":242,"column":76}},"90":{"start":{"line":248,"column":0},"end":{"line":257,"column":2}},"91":{"start":{"line":249,"column":15},"end":{"line":249,"column":53}},"92":{"start":{"line":250,"column":2},"end":{"line":252,"column":3}},"93":{"start":{"line":251,"column":4},"end":{"line":251,"column":63}},"94":{"start":{"line":253,"column":2},"end":{"line":253,"column":41}},"95":{"start":{"line":254,"column":2},"end":{"line":254,"column":78}},"96":{"start":{"line":255,"column":2},"end":{"line":255,"column":44}},"97":{"start":{"line":260,"column":0},"end":{"line":271,"column":2}},"98":{"start":{"line":261,"column":2},"end":{"line":261,"column":41}},"99":{"start":{"line":262,"column":15},"end":{"line":262,"column":53}},"100":{"start":{"line":263,"column":2},"end":{"line":265,"column":3}},"101":{"start":{"line":264,"column":4},"end":{"line":264,"column":63}},"102":{"start":{"line":266,"column":2},"end":{"line":270,"column":3}},"103":{"start":{"line":267,"column":4},"end":{"line":267,"column":43}},"104":{"start":{"line":268,"column":4},"end":{"line":268,"column":80}},"105":{"start":{"line":269,"column":4},"end":{"line":269,"column":50}},"106":{"start":{"line":274,"column":0},"end":{"line":278,"column":2}},"107":{"start":{"line":275,"column":2},"end":{"line":275,"column":25}},"108":{"start":{"line":276,"column":15},"end":{"line":276,"column":53}},"109":{"start":{"line":277,"column":2},"end":{"line":277,"column":30}},"110":{"start":{"line":281,"column":0},"end":{"line":288,"column":3}},"111":{"start":{"line":282,"column":2},"end":{"line":287,"column":3}},"112":{"start":{"line":283,"column":4},"end":{"line":283,"column":52}},"113":{"start":{"line":284,"column":4},"end":{"line":284,"column":33}},"114":{"start":{"line":286,"column":4},"end":{"line":286,"column":34}},"115":{"start":{"line":290,"column":0},"end":{"line":290,"column":21}}},"fnMap":{"0":{"name":"(anonymous_0)","decl":{"start":{"line":25,"column":13},"end":{"line":25,"column":14}},"loc":{"start":{"line":25,"column":27},"end":{"line":27,"column":1}},"line":25},"1":{"name":"(anonymous_1)","decl":{"start":{"line":31,"column":12},"end":{"line":31,"column":13}},"loc":{"start":{"line":31,"column":31},"end":{"line":36,"column":3}},"line":31},"2":{"name":"(anonymous_2)","decl":{"start":{"line":43,"column":46},"end":{"line":43,"column":47}},"loc":{"start":{"line":43,"column":60},"end":{"line":52,"column":1}},"line":43},"3":{"name":"(anonymous_3)","decl":{"start":{"line":92,"column":23},"end":{"line":92,"column":24}},"loc":{"start":{"line":92,"column":40},"end":{"line":117,"column":1}},"line":92},"4":{"name":"(anonymous_4)","decl":{"start":{"line":120,"column":26},"end":{"line":120,"column":27}},"loc":{"start":{"line":120,"column":43},"end":{"line":129,"column":1}},"line":120},"5":{"name":"(anonymous_5)","decl":{"start":{"line":132,"column":23},"end":{"line":132,"column":24}},"loc":{"start":{"line":132,"column":40},"end":{"line":137,"column":1}},"line":132},"6":{"name":"(anonymous_6)","decl":{"start":{"line":162,"column":19},"end":{"line":162,"column":20}},"loc":{"start":{"line":162,"column":36},"end":{"line":190,"column":1}},"line":162},"7":{"name":"(anonymous_7)","decl":{"start":{"line":193,"column":18},"end":{"line":193,"column":19}},"loc":{"start":{"line":193,"column":35},"end":{"line":213,"column":1}},"line":193},"8":{"name":"(anonymous_8)","decl":{"start":{"line":216,"column":25},"end":{"line":216,"column":26}},"loc":{"start":{"line":216,"column":42},"end":{"line":221,"column":1}},"line":216},"9":{"name":"(anonymous_9)","decl":{"start":{"line":224,"column":26},"end":{"line":224,"column":27}},"loc":{"start":{"line":224,"column":43},"end":{"line":229,"column":1}},"line":224},"10":{"name":"(anonymous_10)","decl":{"start":{"line":232,"column":16},"end":{"line":232,"column":17}},"loc":{"start":{"line":232,"column":37},"end":{"line":245,"column":1}},"line":232},"11":{"name":"(anonymous_11)","decl":{"start":{"line":248,"column":32},"end":{"line":248,"column":33}},"loc":{"start":{"line":248,"column":48},"end":{"line":257,"column":1}},"line":248},"12":{"name":"(anonymous_12)","decl":{"start":{"line":260,"column":37},"end":{"line":260,"column":38}},"loc":{"start":{"line":260,"column":53},"end":{"line":271,"column":1}},"line":260},"13":{"name":"(anonymous_13)","decl":{"start":{"line":274,"column":30},"end":{"line":274,"column":31}},"loc":{"start":{"line":274,"column":47},"end":{"line":278,"column":1}},"line":274},"14":{"name":"(anonymous_14)","decl":{"start":{"line":281,"column":17},"end":{"line":281,"column":18}},"loc":{"start":{"line":281,"column":28},"end":{"line":288,"column":1}},"line":281}},"branchMap":{"0":{"loc":{"start":{"line":45,"column":2},"end":{"line":47,"column":3}},"type":"if","locations":[{"start":{"line":45,"column":2},"end":{"line":47,"column":3}},{"start":{},"end":{}}],"line":45},"1":{"loc":{"start":{"line":95,"column":2},"end":{"line":101,"column":3}},"type":"if","locations":[{"start":{"line":95,"column":2},"end":{"line":101,"column":3}},{"start":{"line":99,"column":7},"end":{"line":101,"column":3}}],"line":95},"2":{"loc":{"start":{"line":165,"column":2},"end":{"line":167,"column":3}},"type":"if","locations":[{"start":{"line":165,"column":2},"end":{"line":167,"column":3}},{"start":{},"end":{}}],"line":165},"3":{"loc":{"start":{"line":195,"column":2},"end":{"line":212,"column":3}},"type":"if","locations":[{"start":{"line":195,"column":2},"end":{"line":212,"column":3}},{"start":{"line":210,"column":7},"end":{"line":212,"column":3}}],"line":195},"4":{"loc":{"start":{"line":197,"column":4},"end":{"line":209,"column":5}},"type":"if","locations":[{"start":{"line":197,"column":4},"end":{"line":209,"column":5}},{"start":{"line":207,"column":9},"end":{"line":209,"column":5}}],"line":197},"5":{"loc":{"start":{"line":234,"column":2},"end":{"line":244,"column":3}},"type":"if","locations":[{"start":{"line":234,"column":2},"end":{"line":244,"column":3}},{"start":{"line":236,"column":7},"end":{"line":244,"column":3}}],"line":234},"6":{"loc":{"start":{"line":250,"column":2},"end":{"line":252,"column":3}},"type":"if","locations":[{"start":{"line":250,"column":2},"end":{"line":252,"column":3}},{"start":{},"end":{}}],"line":250},"7":{"loc":{"start":{"line":250,"column":6},"end":{"line":250,"column":37}},"type":"binary-expr","locations":[{"start":{"line":250,"column":6},"end":{"line":250,"column":15}},{"start":{"line":250,"column":19},"end":{"line":250,"column":37}}],"line":250},"8":{"loc":{"start":{"line":263,"column":2},"end":{"line":265,"column":3}},"type":"if","locations":[{"start":{"line":263,"column":2},"end":{"line":265,"column":3}},{"start":{},"end":{}}],"line":263},"9":{"loc":{"start":{"line":263,"column":6},"end":{"line":263,"column":37}},"type":"binary-expr","locations":[{"start":{"line":263,"column":6},"end":{"line":263,"column":15}},{"start":{"line":263,"column":19},"end":{"line":263,"column":37}}],"line":263},"10":{"loc":{"start":{"line":266,"column":2},"end":{"line":270,"column":3}},"type":"if","locations":[{"start":{"line":266,"column":2},"end":{"line":270,"column":3}},{"start":{},"end":{}}],"line":266},"11":{"loc":{"start":{"line":282,"column":2},"end":{"line":287,"column":3}},"type":"if","locations":[{"start":{"line":282,"column":2},"end":{"line":287,"column":3}},{"start":{"line":285,"column":9},"end":{"line":287,"column":3}}],"line":282}},"s":{"0":4,"1":4,"2":4,"3":4,"4":4,"5":4,"6":4,"7":4,"8":4,"9":4,"10":4,"11":4,"12":4,"13":4,"14":0,"15":4,"16":0,"17":4,"18":4,"19":4,"20":0,"21":0,"22":0,"23":0,"24":4,"25":4,"26":1,"27":1,"28":1,"29":1,"30":1,"31":0,"32":1,"33":1,"34":1,"35":1,"36":1,"37":4,"38":1,"39":1,"40":1,"41":4,"42":1,"43":1,"44":1,"45":4,"46":4,"47":2,"48":2,"49":0,"50":2,"51":2,"52":2,"53":600,"54":2,"55":2,"56":2,"57":2,"58":2,"59":2,"60":4,"61":2,"62":2,"63":2,"64":2,"65":2,"66":2,"67":2,"68":2,"69":0,"70":0,"71":4,"72":1,"73":1,"74":1,"75":1,"76":4,"77":1,"78":1,"79":1,"80":1,"81":4,"82":3,"83":3,"84":0,"85":3,"86":3,"87":3,"88":3,"89":0,"90":4,"91":1,"92":1,"93":0,"94":1,"95":1,"96":1,"97":4,"98":1,"99":1,"100":1,"101":1,"102":0,"103":0,"104":0,"105":0,"106":4,"107":1,"108":1,"109":1,"110":4,"111":4,"112":4,"113":4,"114":0,"115":4},"f":{"0":0,"1":0,"2":0,"3":1,"4":1,"5":1,"6":2,"7":2,"8":1,"9":1,"10":3,"11":1,"12":1,"13":1,"14":4},"b":{"0":[0,0],"1":[1,0],"2":[0,2],"3":[2,0],"4":[2,0],"5":[0,3],"6":[0,1],"7":[1,1],"8":[1,0],"9":[1,0],"10":[0,0],"11":[4,0]},"_coverageSchema":"1a1c01bbd47fc00a2c39e90264f33305004495a9","hash":"56fdc74c035762e564687a88b5a31370ccc6e079"}
}
